<?xml version="1.0" encoding="UTF-8" ?>
<testsuite failures="0" time="0.031" errors="0" skipped="0" tests="11" name="net.tanesha.recaptcha.ReCaptchaImplTest">
  <properties>
[...]
</properties>
  <testcase time="0.003" classname="net.tanesha.recaptcha.ReCaptchaImplTest" name="testCreateCaptchaHtml"/>
  <testcase time="0" classname="net.tanesha.recaptcha.ReCaptchaImplTest" name="testNotReachable"/>
  <testcase time="0" classname="net.tanesha.recaptcha.ReCaptchaImplTest" name="testAlternativeVerifyUrl"/>
  <testcase time="0.024" classname="net.tanesha.recaptcha.ReCaptchaImplTest" name="testHtmlIsXhtml"/>
  <testcase time="0" classname="net.tanesha.recaptcha.ReCaptchaImplTest" name="testCheckAnswer"/>
  <testcase time="0" classname="net.tanesha.recaptcha.ReCaptchaImplTest" name="testCheckAnswer_02"/>
  <testcase time="0" classname="net.tanesha.recaptcha.ReCaptchaImplTest" name="testCheckAnswer_03"/>
  <testcase time="0" classname="net.tanesha.recaptcha.ReCaptchaImplTest" name="testCheckAnswer_04"/>
  <testcase time="0" classname="net.tanesha.recaptcha.ReCaptchaImplTest" name="testCheckAnswer_05"/>
  <testcase time="0" classname="net.tanesha.recaptcha.ReCaptchaImplTest" name="testCheckAnswer_06"/>
  <testcase time="0" classname="net.tanesha.recaptcha.ReCaptchaImplTest" name="testCheckAnswer_07"/>
</testsuite>